nohup: ignoring input
No mitogenome sequences found in /data/projet2/02_Phylogeny_part/fasta_files/GCA_032717465.2_ASM3271746v2_genomic.fna
Written 1 mitogenome sequences to /data/projet2/02_Phylogeny_part/mitochondrion/GCF_040412425.1_ASM4041242v1_genomic_mitogenome.fasta
Written 1 mitogenome sequences to /data/projet2/02_Phylogeny_part/mitochondrion/GCF_042767895.1_ASM4276789v1_genomic_mitogenome.fasta
Written 1 mitogenome sequences to /data/projet2/02_Phylogeny_part/mitochondrion/GCF_038502225.1_ASM3850222v1_genomic_mitogenome.fasta
Written 1 mitogenome sequences to /data/projet2/02_Phylogeny_part/mitochondrion/GCF_036320965.1_ASM3632096v1_genomic_mitogenome.fasta
Written 1 mitogenome sequences to /data/projet2/02_Phylogeny_part/mitochondrion/GCA_020233015.1_Csap_IMET_v1_genomic_mitogenome.fasta
Written 1 mitogenome sequences to /data/projet2/02_Phylogeny_part/mitochondrion/GCF_017591435.1_ASM1759143v1_genomic_mitogenome.fasta
Written 1 mitogenome sequences to /data/projet2/02_Phylogeny_part/mitochondrion/GCF_040958095.1_FALCON_Pclarkii_2.0_genomic_mitogenome.fasta
No mitogenome sequences found in /data/projet2/02_Phylogeny_part/fasta_files/GCA_043589495.1_ASM4358949v1_genomic.fna
Written 1 mitogenome sequences to /data/projet2/02_Phylogeny_part/mitochondrion/GCF_015104395.2_ASM1510439v2_genomic_mitogenome.fasta
Written 1 mitogenome sequences to /data/projet2/02_Phylogeny_part/mitochondrion/GCF_036898095.1_ASM3689809v2_genomic_mitogenome.fasta
No mitogenome sequences found in /data/projet2/02_Phylogeny_part/fasta_files/GCA_041682235.1_GMGI_Cborealis_1.0_genomic.fna
Written 1 mitogenome sequences to /data/projet2/02_Phylogeny_part/mitochondrion/GCA_965362985.1_qmDioPugi1.1_genomic_mitogenome.fasta
No mitogenome sequences found in /data/projet2/02_Phylogeny_part/fasta_files/GCA_032716605.1_ASM3271660v1_genomic.fna
Written 1 mitogenome sequences to /data/projet2/02_Phylogeny_part/mitochondrion/GCF_015228065.2_NSTDA_Pmon_1_genomic_mitogenome.fasta
No mitogenome sequences found in /data/projet2/02_Phylogeny_part/fasta_files/GCF_024679095.1_ASM2467909v1_genomic.fna
Written 2 mitogenome sequences to /data/projet2/02_Phylogeny_part/mitochondrion/GCA_965152675.1_qmEriVerr1.1_genomic_mitogenome.fasta
Written 1 mitogenome sequences to /data/projet2/02_Phylogeny_part/mitochondrion/GCA_965641465.1_qmScyLatu1.hap1.1_genomic_mitogenome.fasta
Written 1 mitogenome sequences to /data/projet2/02_Phylogeny_part/mitochondrion/GCF_035594125.1_ASM3559412v1_genomic_mitogenome.fasta
Written 1 mitogenome sequences to /data/projet2/02_Phylogeny_part/mitochondrion/GCF_019202785.1_ASM1920278v2_genomic_mitogenome.fasta
Written 1 mitogenome sequences to /data/projet2/02_Phylogeny_part/mitochondrion/GCA_965230865.2_qmPorSegn1.1_genomic_mitogenome.fasta
